  Actor.cpp
  AudioComponent.cpp
  AudioSystem.cpp
  CameraComponent.cpp
  CircleComponent.cpp
  FollowActor.cpp
  FollowCamera.cpp
  FPSActor.cpp
  FPSCamera.cpp
  Game.cpp
  Main.cpp
  Math.cpp
  Mesh.cpp
C:\Users\micha\Documents\GitHub\CS365FinalProject\Chapter09\Mesh.cpp(116,74): warning C4244: 'argument': conversion from 'double' to 'float', possible loss of data
C:\Users\micha\Documents\GitHub\CS365FinalProject\Chapter09\Mesh.cpp(116,53): warning C4244: 'argument': conversion from 'double' to 'float', possible loss of data
C:\Users\micha\Documents\GitHub\CS365FinalProject\Chapter09\Mesh.cpp(116,32): warning C4244: 'argument': conversion from 'double' to 'float', possible loss of data
  MeshComponent.cpp
  MoveComponent.cpp
  OrbitActor.cpp
  OrbitCamera.cpp
  PlaneActor.cpp
  Renderer.cpp
  Shader.cpp
  Generating Code...
  Compiling...
  SplineActor.cpp
  SplineCamera.cpp
  SpriteComponent.cpp
  Texture.cpp
  VertexArray.cpp
  Generating Code...
SOIL.lib(image_DXT.obj) : warning LNK4099: PDB '' was not found with 'SOIL.lib(image_DXT.obj)' or at ''; linking object as if no debug info
SOIL.lib(image_helper.obj) : warning LNK4099: PDB '' was not found with 'SOIL.lib(image_helper.obj)' or at ''; linking object as if no debug info
SOIL.lib(SOIL.obj) : warning LNK4099: PDB '' was not found with 'SOIL.lib(SOIL.obj)' or at ''; linking object as if no debug info
SOIL.lib(stb_image_aug.obj) : warning LNK4099: PDB '' was not found with 'SOIL.lib(stb_image_aug.obj)' or at ''; linking object as if no debug info
  Game.vcxproj -> C:\Users\micha\Documents\GitHub\CS365FinalProject\Chapter09\Debug\Game.exe
  C:\Users\micha\Documents\GitHub\CS365FinalProject\Chapter09\\..\external\SDL\lib\win\x86\libfreetype-6.dll
  C:\Users\micha\Documents\GitHub\CS365FinalProject\Chapter09\\..\external\SDL\lib\win\x86\libogg-0.dll
  C:\Users\micha\Documents\GitHub\CS365FinalProject\Chapter09\\..\external\SDL\lib\win\x86\libpng16-16.dll
  C:\Users\micha\Documents\GitHub\CS365FinalProject\Chapter09\\..\external\SDL\lib\win\x86\libvorbis-0.dll
  C:\Users\micha\Documents\GitHub\CS365FinalProject\Chapter09\\..\external\SDL\lib\win\x86\libvorbisfile-3.dll
  C:\Users\micha\Documents\GitHub\CS365FinalProject\Chapter09\\..\external\SDL\lib\win\x86\SDL2.dll
  C:\Users\micha\Documents\GitHub\CS365FinalProject\Chapter09\\..\external\SDL\lib\win\x86\SDL2_image.dll
  C:\Users\micha\Documents\GitHub\CS365FinalProject\Chapter09\\..\external\SDL\lib\win\x86\SDL2_mixer.dll
  C:\Users\micha\Documents\GitHub\CS365FinalProject\Chapter09\\..\external\SDL\lib\win\x86\SDL2_ttf.dll
  C:\Users\micha\Documents\GitHub\CS365FinalProject\Chapter09\\..\external\SDL\lib\win\x86\zlib1.dll
  10 File(s) copied
  C:\Users\micha\Documents\GitHub\CS365FinalProject\Chapter09\\..\external\GLEW\lib\win\x86\glew32.dll
  1 File(s) copied
  C:\Program Files (x86)\FMOD SoundSystem\FMOD Studio API Windows\api\lowlevel\lib\fmod.dll
  C:\Program Files (x86)\FMOD SoundSystem\FMOD Studio API Windows\api\lowlevel\lib\fmod64.dll
  C:\Program Files (x86)\FMOD SoundSystem\FMOD Studio API Windows\api\lowlevel\lib\fmodL.dll
  C:\Program Files (x86)\FMOD SoundSystem\FMOD Studio API Windows\api\lowlevel\lib\fmodL64.dll
  4 File(s) copied
  C:\Program Files (x86)\FMOD SoundSystem\FMOD Studio API Windows\api\studio\lib\fmodstudio.dll
  C:\Program Files (x86)\FMOD SoundSystem\FMOD Studio API Windows\api\studio\lib\fmodstudio64.dll
  C:\Program Files (x86)\FMOD SoundSystem\FMOD Studio API Windows\api\studio\lib\fmodstudioL.dll
  C:\Program Files (x86)\FMOD SoundSystem\FMOD Studio API Windows\api\studio\lib\fmodstudioL64.dll
  4 File(s) copied
